0 info it worked if it ends with ok
1 verbose cli [ '/opt/boxen/nodenv/versions/v5.2.0/bin/node',
1 verbose cli   '/opt/boxen/nodenv/versions/v5.2.0/bin/npm',
1 verbose cli   'start' ]
2 info using npm@3.3.12
3 info using node@v5.2.0
4 verbose run-script [ 'prestart', 'start', 'poststart' ]
5 info lifecycle cerebral-boilerplate@0.1.0~prestart: cerebral-boilerplate@0.1.0
6 silly lifecycle cerebral-boilerplate@0.1.0~prestart: no script for prestart, continuing
7 info lifecycle cerebral-boilerplate@0.1.0~start: cerebral-boilerplate@0.1.0
8 verbose lifecycle cerebral-boilerplate@0.1.0~start: unsafe-perm in lifecycle true
9 verbose lifecycle cerebral-boilerplate@0.1.0~start: PATH: /opt/boxen/nodenv/versions/v5.2.0/lib/node_modules/npm/bin/node-gyp-bin:/Users/brian/projects/cerebral-falcor-todos/node_modules/.bin:/opt/boxen/nodenv/versions/v5.2.0/bin:/opt/boxen/nodenv/libexec:bin:/opt/boxen/foreman/bin:/opt/boxen/rbenv/shims:/opt/boxen/rbenv/bin:/opt/boxen/ruby-build/bin:/opt/boxen/phantomenv/shims:/opt/boxen/phantomenv/bin:node_modules/.bin:/opt/boxen/nodenv/shims:/opt/boxen/nodenv/bin:/opt/boxen/homebrew/bin:/opt/boxen/homebrew/sbin:/opt/boxen/bin:/usr/local/bin:/usr/bin:/bin:/usr/sbin:/sbin:/opt/X11/bin:/usr/local/sbin:/Users/brian/src/toolchest/bin:/Users/brian/bin:opt/boxen/homebrew/opt/go/libexec/bin:/Users/brian/Library/Haskell/bin
10 verbose lifecycle cerebral-boilerplate@0.1.0~start: CWD: /Users/brian/projects/cerebral-falcor-todos
11 silly lifecycle cerebral-boilerplate@0.1.0~start: Args: [ '-c', 'babel-node server' ]
12 silly lifecycle cerebral-boilerplate@0.1.0~start: Returned: code: 1  signal: null
13 info lifecycle cerebral-boilerplate@0.1.0~start: Failed to exec start script
14 verbose stack Error: cerebral-boilerplate@0.1.0 start: `babel-node server`
14 verbose stack Exit status 1
14 verbose stack     at EventEmitter.<anonymous> (/opt/boxen/nodenv/versions/v5.2.0/lib/node_modules/npm/lib/utils/lifecycle.js:232:16)
14 verbose stack     at emitTwo (events.js:88:13)
14 verbose stack     at EventEmitter.emit (events.js:173:7)
14 verbose stack     at ChildProcess.<anonymous> (/opt/boxen/nodenv/versions/v5.2.0/lib/node_modules/npm/lib/utils/spawn.js:24:14)
14 verbose stack     at emitTwo (events.js:88:13)
14 verbose stack     at ChildProcess.emit (events.js:173:7)
14 verbose stack     at maybeClose (internal/child_process.js:819:16)
14 verbose stack     at Process.ChildProcess._handle.onexit (internal/child_process.js:212:5)
15 verbose pkgid cerebral-boilerplate@0.1.0
16 verbose cwd /Users/brian/projects/cerebral-falcor-todos
17 error Darwin 14.4.0
18 error argv "/opt/boxen/nodenv/versions/v5.2.0/bin/node" "/opt/boxen/nodenv/versions/v5.2.0/bin/npm" "start"
19 error node v5.2.0
20 error npm  v3.3.12
21 error code ELIFECYCLE
22 error cerebral-boilerplate@0.1.0 start: `babel-node server`
22 error Exit status 1
23 error Failed at the cerebral-boilerplate@0.1.0 start script 'babel-node server'.
23 error Make sure you have the latest version of node.js and npm installed.
23 error If you do, this is most likely a problem with the cerebral-boilerplate package,
23 error not with npm itself.
23 error Tell the author that this fails on your system:
23 error     babel-node server
23 error You can get their info via:
23 error     npm owner ls cerebral-boilerplate
23 error There is likely additional logging output above.
24 verbose exit [ 1, true ]
